<?xml version="1.0" encoding="UTF-8"?>
<testng-results ignored="0" total="1" passed="1" failed="0" skipped="0">
  <reporter-output>
  </reporter-output>
  <suite started-at="2025-07-24T11:57:30 ICT" name="Default suite" finished-at="2025-07-24T11:57:46 ICT" duration-ms="16339">
    <groups>
      <group name="cucumber">
        <method signature="AbstractTestNGCucumberTests.runScenario(io.cucumber.testng.PickleWrapper,io.cucumber.testng.FeatureWrapper)[pri:0, instance:cucumberOptions.TestNGTestRunner@6e6f2380]" name="runScenario" class="io.cucumber.testng.AbstractTestNGCucumberTests"/>
      </group> <!-- cucumber -->
    </groups>
    <test started-at="2025-07-24T11:57:30 ICT" name="Default test" finished-at="2025-07-24T11:57:46 ICT" duration-ms="16339">
      <class name="cucumberOptions.TestNGTestRunner">
        <test-method is-config="true" signature="setUpClass(org.testng.ITestContext)[pri:0, instance:cucumberOptions.TestNGTestRunner@6e6f2380]" started-at="2025-07-24T11:57:30 ICT" name="setUpClass" finished-at="2025-07-24T11:57:30 ICT" duration-ms="403" status="PASS">
          <params>
            <param index="0">
              <value>
                <![CDATA[org.testng.TestRunner@366c4480]]>
              </value>
            </param>
          </params>
          <reporter-output>
          </reporter-output>
        </test-method> <!-- setUpClass -->
        <test-method signature="runScenario(io.cucumber.testng.PickleWrapper,io.cucumber.testng.FeatureWrapper)[pri:0, instance:cucumberOptions.TestNGTestRunner@6e6f2380]" started-at="2025-07-24T11:57:30 ICT" name="runScenario" description="Runs Cucumber Scenarios" data-provider="scenarios" finished-at="2025-07-24T11:57:46 ICT" duration-ms="15801" status="PASS">
          <params>
            <param index="0">
              <value>
                <![CDATA["Search Experience for product search in both home and Offers page"]]>
              </value>
            </param>
            <param index="1">
              <value>
                <![CDATA["Place the order for Products"]]>
              </value>
            </param>
          </params>
          <reporter-output>
          </reporter-output>
        </test-method> <!-- runScenario -->
        <test-method is-config="true" signature="tearDownClass()[pri:0, instance:cucumberOptions.TestNGTestRunner@6e6f2380]" started-at="2025-07-24T11:57:46 ICT" name="tearDownClass" finished-at="2025-07-24T11:57:46 ICT" duration-ms="6" status="PASS">
          <reporter-output>
          </reporter-output>
        </test-method> <!-- tearDownClass -->
      </class> <!-- cucumberOptions.TestNGTestRunner -->
    </test> <!-- Default test -->
  </suite> <!-- Default suite -->
</testng-results>
