<?xml version="1.0" encoding="UTF-8"?>
<!-- Generated by org.testng.reporters.JUnitReportReporter -->
<testsuite hostname="DESKTOP-JJ924JH" failures="0" tests="1" name="cucumberOptions.TestNGTestRunner" time="6.544" errors="1" timestamp="2025-07-23T18:32:45 ICT" skipped="0">
  <testcase classname="cucumberOptions.TestNGTestRunner" name="runScenario" time="6.544">
    <error message="Cannot invoke &quot;org.openqa.selenium.WebDriver.findElement(org.openqa.selenium.By)&quot; because &quot;this.driver&quot; is null" type="java.lang.NullPointerException">
      <![CDATA[java.lang.NullPointerException: Cannot invoke "org.openqa.selenium.WebDriver.findElement(org.openqa.selenium.By)" because "this.driver" is null
at pageObjects.LandingPage.searchItem(LandingPage.java:21)
at stepDefinitions.LandingPageStepDefinition.user_searched_with_shortname_and_extracted_actual_name_of_product(LandingPageStepDefinition.java:40)
at ✽.user searched with Shortname "Tom" and extracted actual name of product(file:///D:/Java-practice/CucumberFrameworkTestNG/src/test/java/features/searchProduct.feature:6)
]]>
    </error>
  </testcase> <!-- runScenario -->
</testsuite> <!-- cucumberOptions.TestNGTestRunner -->
